Value of Z: 4.346051e+17
Threads number is : 4. 
Total time taken by CPU: 105560.00 seconds. 
Task time is about 26 seconds for matrix size equals to  200 
Schedule policy is 1 and chunk size is  1
Done.
Value of Z: 4.346051e+17
Threads number is : 3. 
Total time taken by CPU: 105970.00 seconds. 
Task time is about 35 seconds for matrix size equals to  200 
Schedule policy is 1 and chunk size is  1
Done.
Value of Z: 4.346051e+17
Threads number is : 2. 
Total time taken by CPU: 106410.00 seconds. 
Task time is about 53 seconds for matrix size equals to  200 
Schedule policy is 1 and chunk size is  1
Done.
Value of Z: 4.346051e+17
Threads number is : 1. 
Total time taken by CPU: 105390.00 seconds. 
Task time is about 105 seconds for matrix size equals to  200 
Schedule policy is 1 and chunk size is  1
Done.
